Architecture check passed.
API Init Called
Found: CME RB Dec16
Found: CME HO Dec16
Found: CME CL Dec16
Found: CME GC Dec16
Found: CME SI Dec16
Found: CME NG Dec16
Found: CME ZN Dec16
Found: CME ZB Dec16
Found: CME ZF Dec16
Found: CME ZT Dec16
Found: CME 6A Dec16
Found: CME 6J Dec16
Found: CME 6E Dec16
Found: CME NQ Dec16
Found: CME ES Dec16
Found: CME KE Dec16
Found: CME ZW Dec16
Found: CME ZL Dec16
Found: CME ZM Dec16
Found: CME ZS Jan17
Found: CME ZC Dec16
Found: CME LE Dec16
Found: CME HE Dec16
Found: CME 6C Dec16
Found: CME 6B Dec16
Found: CME GE Dec16
Found: CME GF Jan17
Found: ICE_IPE IPE e-Brent Jan17
Found: ICE_IPE FCOJ A Jan17
Found: ICE_IPE Cotton No 2 Dec16
Found: ICE_IPE Cocoa Dec16
Found: ICE_IPE Coffee C Dec16
Found: ICE_IPE Sugar No 11 Mar17
